2025-07-13T17:23:40.9516090Z Current runner version: '2.326.0'
2025-07-13T17:23:40.9532840Z ##[group]Operating System
2025-07-13T17:23:40.9533320Z macOS
2025-07-13T17:23:40.9533610Z 14.7.6
2025-07-13T17:23:40.9533900Z 23H626
2025-07-13T17:23:40.9534190Z ##[endgroup]
2025-07-13T17:23:40.9534510Z ##[group]Runner Image
2025-07-13T17:23:40.9534850Z Image: macos-14-arm64
2025-07-13T17:23:40.9535180Z Version: 20250709.1652
2025-07-13T17:23:40.9535870Z Included Software: https://github.com/actions/runner-images/blob/macos-14-arm64/20250709.1652/images/macos/macos-14-arm64-Readme.md
2025-07-13T17:23:40.9536820Z Image Release: https://github.com/actions/runner-images/releases/tag/macos-14-arm64%2F20250709.1652
2025-07-13T17:23:40.9537400Z ##[endgroup]
2025-07-13T17:23:40.9537710Z ##[group]Runner Image Provisioner
2025-07-13T17:23:40.9538090Z 2.0.449.1+6d46f4794670abc677653e70ad733fc4b7478209
2025-07-13T17:23:40.9538480Z ##[endgroup]
2025-07-13T17:23:40.9539990Z ##[group]GITHUB_TOKEN Permissions
2025-07-13T17:23:40.9541080Z Actions: write
2025-07-13T17:23:40.9541400Z Attestations: write
2025-07-13T17:23:40.9541700Z Checks: write
2025-07-13T17:23:40.9541980Z Contents: write
2025-07-13T17:23:40.9542270Z Deployments: write
2025-07-13T17:23:40.9542570Z Discussions: write
2025-07-13T17:23:40.9542870Z Issues: write
2025-07-13T17:23:40.9543150Z Metadata: read
2025-07-13T17:23:40.9543430Z Models: read
2025-07-13T17:23:40.9543710Z Packages: write
2025-07-13T17:23:40.9544000Z Pages: write
2025-07-13T17:23:40.9544280Z PullRequests: write
2025-07-13T17:23:40.9544600Z RepositoryProjects: write
2025-07-13T17:23:40.9544930Z SecurityEvents: write
2025-07-13T17:23:40.9545240Z Statuses: write
2025-07-13T17:23:40.9545530Z ##[endgroup]
2025-07-13T17:23:40.9546890Z Secret source: Actions
2025-07-13T17:23:40.9547400Z Prepare workflow directory
2025-07-13T17:23:40.9805310Z Prepare all required actions
2025-07-13T17:23:40.9830390Z Getting action download info
2025-07-13T17:23:41.3618360Z ##[group]Download immutable action package 'actions/checkout@v4'
2025-07-13T17:23:41.3618970Z Version: 4.2.2
2025-07-13T17:23:41.3619540Z Digest: sha256:ccb2698953eaebd21c7bf6268a94f9c26518a7e38e27e0b83c1fe1ad049819b1
2025-07-13T17:23:41.3620240Z Source commit SHA: 11bd71901bbe5b1630ceea73d27597364c9af683
2025-07-13T17:23:41.3620670Z ##[endgroup]
2025-07-13T17:23:41.6422350Z ##[group]Download immutable action package 'docker/login-action@v3'
2025-07-13T17:23:41.6422910Z Version: 3.4.0
2025-07-13T17:23:41.6423360Z Digest: sha256:864ebd28db095e1602e6ef999f46a4f575083ea874918fbccf0994c2a7680450
2025-07-13T17:23:41.6424060Z Source commit SHA: 74a5d142397b4f367a81961eba4e8cd7edddf772
2025-07-13T17:23:41.6424580Z ##[endgroup]
2025-07-13T17:23:42.4326640Z ##[group]Download immutable action package 'actions/upload-artifact@v4'
2025-07-13T17:23:42.4328800Z Version: 4.6.2
2025-07-13T17:23:42.4329310Z Digest: sha256:290722aa3281d5caf23d0acdc3dbeb3424786a1a01a9cc97e72f147225e37c38
2025-07-13T17:23:42.4329890Z Source commit SHA: ea165f8d65b6e75b540449e92b4886f43607fa02
2025-07-13T17:23:42.4330460Z ##[endgroup]
2025-07-13T17:23:42.5911550Z Complete job name: Build ffmpeg (darwin-arm64, gpl)
2025-07-13T17:23:42.6205450Z ##[group]Run df -h && sudo apt-get clean && docker system prune -a -f && sudo rm -rf /usr/local/lib/android /usr/share/dotnet /opt/ghc && df -h
2025-07-13T17:23:42.6206400Z [36;1mdf -h && sudo apt-get clean && docker system prune -a -f && sudo rm -rf /usr/local/lib/android /usr/share/dotnet /opt/ghc && df -h[0m
2025-07-13T17:23:42.6255730Z shell: /bin/bash -e {0}
2025-07-13T17:23:42.6256120Z env:
2025-07-13T17:23:42.6256380Z   DOCKER_BUILDKIT: 1
2025-07-13T17:23:42.6256640Z ##[endgroup]
2025-07-13T17:23:42.6605000Z Filesystem        Size    Used   Avail Capacity iused ifree %iused  Mounted on
2025-07-13T17:23:42.6605700Z /dev/disk3s1s1   320Gi   9.6Gi    46Gi    18%    404k  479M    0%   /
2025-07-13T17:23:42.6606260Z devfs            195Ki   195Ki     0Bi   100%     674     0  100%   /dev
2025-07-13T17:23:42.6606810Z /dev/disk3s6     320Gi    20Ki    46Gi     1%       0  479M    0%   /System/Volumes/VM
2025-07-13T17:23:42.6608060Z /dev/disk3s2     320Gi   5.9Gi    46Gi    12%     903  479M    0%   /System/Volumes/Preboot
2025-07-13T17:23:42.6608680Z /dev/disk3s4     320Gi    42Mi    46Gi     1%      58  479M    0%   /System/Volumes/Update
2025-07-13T17:23:42.6609290Z /dev/disk1s2     500Mi    20Ki   495Mi     1%       0  5.1M    0%   /System/Volumes/xarts
2025-07-13T17:23:42.6609920Z /dev/disk1s1     500Mi   124Ki   495Mi     1%      32  5.1M    0%   /System/Volumes/iSCPreboot
2025-07-13T17:23:42.6610550Z /dev/disk1s3     500Mi   200Ki   495Mi     1%      18  5.1M    0%   /System/Volumes/Hardware
2025-07-13T17:23:42.6611160Z /dev/disk3s5     320Gi   257Gi    46Gi    85%    1.7M  479M    0%   /System/Volumes/Data
2025-07-13T17:23:42.6611760Z map auto_home      0Bi     0Bi     0Bi   100%       0     0     -   /System/Volumes/Data/home
2025-07-13T17:23:42.6713180Z sudo: apt-get: command not found
2025-07-13T17:23:42.6726400Z ##[error]Process completed with exit code 1.
2025-07-13T17:23:42.6820560Z Cleaning up orphan processes
