2025-07-13T17:23:40.8287180Z Current runner version: '2.326.0'
2025-07-13T17:23:40.8302360Z ##[group]Operating System
2025-07-13T17:23:40.8302800Z macOS
2025-07-13T17:23:40.8303080Z 14.7.6
2025-07-13T17:23:40.8303360Z 23H626
2025-07-13T17:23:40.8303650Z ##[endgroup]
2025-07-13T17:23:40.8303960Z ##[group]Runner Image
2025-07-13T17:23:40.8304290Z Image: macos-14-arm64
2025-07-13T17:23:40.8304620Z Version: 20250709.1652
2025-07-13T17:23:40.8305280Z Included Software: https://github.com/actions/runner-images/blob/macos-14-arm64/20250709.1652/images/macos/macos-14-arm64-Readme.md
2025-07-13T17:23:40.8306200Z Image Release: https://github.com/actions/runner-images/releases/tag/macos-14-arm64%2F20250709.1652
2025-07-13T17:23:40.8306770Z ##[endgroup]
2025-07-13T17:23:40.8307070Z ##[group]Runner Image Provisioner
2025-07-13T17:23:40.8307450Z 2.0.449.1+6d46f4794670abc677653e70ad733fc4b7478209
2025-07-13T17:23:40.8307830Z ##[endgroup]
2025-07-13T17:23:40.8309280Z ##[group]GITHUB_TOKEN Permissions
2025-07-13T17:23:40.8310270Z Actions: write
2025-07-13T17:23:40.8310580Z Attestations: write
2025-07-13T17:23:40.8310870Z Checks: write
2025-07-13T17:23:40.8311150Z Contents: write
2025-07-13T17:23:40.8311440Z Deployments: write
2025-07-13T17:23:40.8311730Z Discussions: write
2025-07-13T17:23:40.8312010Z Issues: write
2025-07-13T17:23:40.8312290Z Metadata: read
2025-07-13T17:23:40.8312570Z Models: read
2025-07-13T17:23:40.8312840Z Packages: write
2025-07-13T17:23:40.8313120Z Pages: write
2025-07-13T17:23:40.8313390Z PullRequests: write
2025-07-13T17:23:40.8313700Z RepositoryProjects: write
2025-07-13T17:23:40.8314030Z SecurityEvents: write
2025-07-13T17:23:40.8314320Z Statuses: write
2025-07-13T17:23:40.8314610Z ##[endgroup]
2025-07-13T17:23:40.8315800Z Secret source: Actions
2025-07-13T17:23:40.8316280Z Prepare workflow directory
2025-07-13T17:23:40.8566930Z Prepare all required actions
2025-07-13T17:23:40.8594100Z Getting action download info
2025-07-13T17:23:41.2288860Z ##[group]Download immutable action package 'actions/checkout@v4'
2025-07-13T17:23:41.2290050Z Version: 4.2.2
2025-07-13T17:23:41.2291160Z Digest: sha256:ccb2698953eaebd21c7bf6268a94f9c26518a7e38e27e0b83c1fe1ad049819b1
2025-07-13T17:23:41.2292550Z Source commit SHA: 11bd71901bbe5b1630ceea73d27597364c9af683
2025-07-13T17:23:41.2293420Z ##[endgroup]
2025-07-13T17:23:41.4898810Z ##[group]Download immutable action package 'docker/login-action@v3'
2025-07-13T17:23:41.4899390Z Version: 3.4.0
2025-07-13T17:23:41.4899850Z Digest: sha256:864ebd28db095e1602e6ef999f46a4f575083ea874918fbccf0994c2a7680450
2025-07-13T17:23:41.4900490Z Source commit SHA: 74a5d142397b4f367a81961eba4e8cd7edddf772
2025-07-13T17:23:41.4900970Z ##[endgroup]
2025-07-13T17:23:42.2333050Z ##[group]Download immutable action package 'actions/upload-artifact@v4'
2025-07-13T17:23:42.2333620Z Version: 4.6.2
2025-07-13T17:23:42.2334060Z Digest: sha256:290722aa3281d5caf23d0acdc3dbeb3424786a1a01a9cc97e72f147225e37c38
2025-07-13T17:23:42.2334670Z Source commit SHA: ea165f8d65b6e75b540449e92b4886f43607fa02
2025-07-13T17:23:42.2335110Z ##[endgroup]
2025-07-13T17:23:42.3638850Z Complete job name: Build ffmpeg (darwin-x86_64, gpl)
2025-07-13T17:23:42.3929680Z ##[group]Run df -h && sudo apt-get clean && docker system prune -a -f && sudo rm -rf /usr/local/lib/android /usr/share/dotnet /opt/ghc && df -h
2025-07-13T17:23:42.3930640Z [36;1mdf -h && sudo apt-get clean && docker system prune -a -f && sudo rm -rf /usr/local/lib/android /usr/share/dotnet /opt/ghc && df -h[0m
2025-07-13T17:23:42.3980320Z shell: /bin/bash -e {0}
2025-07-13T17:23:42.3980720Z env:
2025-07-13T17:23:42.3980980Z   DOCKER_BUILDKIT: 1
2025-07-13T17:23:42.3981250Z ##[endgroup]
2025-07-13T17:23:42.4258190Z Filesystem        Size    Used   Avail Capacity iused ifree %iused  Mounted on
2025-07-13T17:23:42.4258980Z /dev/disk3s1s1   320Gi   9.6Gi    46Gi    18%    404k  479M    0%   /
2025-07-13T17:23:42.4259500Z devfs            195Ki   195Ki     0Bi   100%     674     0  100%   /dev
2025-07-13T17:23:42.4260240Z /dev/disk3s6     320Gi    20Ki    46Gi     1%       0  479M    0%   /System/Volumes/VM
2025-07-13T17:23:42.4261730Z /dev/disk3s2     320Gi   5.9Gi    46Gi    12%     903  479M    0%   /System/Volumes/Preboot
2025-07-13T17:23:42.4262530Z /dev/disk3s4     320Gi    42Mi    46Gi     1%      58  479M    0%   /System/Volumes/Update
2025-07-13T17:23:42.4263160Z /dev/disk1s2     500Mi    20Ki   495Mi     1%       0  5.1M    0%   /System/Volumes/xarts
2025-07-13T17:23:42.4263780Z /dev/disk1s1     500Mi   124Ki   495Mi     1%      32  5.1M    0%   /System/Volumes/iSCPreboot
2025-07-13T17:23:42.4264420Z /dev/disk1s3     500Mi   200Ki   495Mi     1%      18  5.1M    0%   /System/Volumes/Hardware
2025-07-13T17:23:42.4265040Z /dev/disk3s5     320Gi   257Gi    46Gi    85%    1.7M  479M    0%   /System/Volumes/Data
2025-07-13T17:23:42.4265630Z map auto_home      0Bi     0Bi     0Bi   100%       0     0     -   /System/Volumes/Data/home
2025-07-13T17:23:42.4375650Z sudo: apt-get: command not found
2025-07-13T17:23:42.4388900Z ##[error]Process completed with exit code 1.
2025-07-13T17:23:42.4489510Z Cleaning up orphan processes
